<?xml version="1.0" encoding="UTF-8"?>
<!-- Generated by org.testng.reporters.JUnitReportReporter -->
<testsuite name="other.BuiltInSettingsAppAndroid" tests="1" time="14.165" ignored="0" failures="0" timestamp="05 מרץ 2017 20:49:21 GMT" skipped="0" hostname="leonid" errors="0">
  <testcase name="test" time="14.165" classname="other.BuiltInSettingsAppAndroid"/>
</testsuite> <!-- other.BuiltInSettingsAppAndroid -->
