<?xml version="1.0" encoding="UTF-8"?>
<!-- Generated by org.testng.reporters.JUnitReportReporter -->
<testsuite name="other.BuiltInCallingAppr" tests="1" time="22.669" ignored="0" failures="0" timestamp="05 מרץ 2017 20:52:54 GMT" skipped="0" hostname="leonid" errors="0">
  <testcase name="test" time="22.669" classname="other.BuiltInCallingAppr"/>
</testsuite> <!-- other.BuiltInCallingAppr -->
