<?xml version="1.0" encoding="UTF-8"?>
<!-- Generated by org.testng.reporters.JUnitReportReporter -->
<testsuite name="other.TestWebApp" tests="1" time="46.964" ignored="0" failures="0" timestamp="05 מרץ 2017 20:46:18 GMT" skipped="0" hostname="leonid" errors="0">
  <testcase name="test" time="46.964" classname="other.TestWebApp"/>
</testsuite> <!-- other.TestWebApp -->
